Copyright 1986-2020 Xilinx, Inc. All Rights Reserved.
---------------------------------------------------------------------------------------------
| Tool Version : Vivado v.2020.2 (lin64) Build 3064766 Wed Nov 18 09:12:47 MST 2020
| Date         : Thu May 25 22:22:55 2023
| Host         : pop-os running 64-bit Pop!_OS 22.04 LTS
| Command      : report_control_sets -verbose -file design_1_wrapper_control_sets_placed.rpt
| Design       : design_1_wrapper
| Device       : xc7a35t
---------------------------------------------------------------------------------------------

Control Set Information

Table of Contents
-----------------
1. Summary
2. Histogram
3. Flip-Flop Distribution
4. Detailed Control Set Information

1. Summary
----------

+----------------------------------------------------------+-------+
|                          Status                          | Count |
+----------------------------------------------------------+-------+
| Total control sets                                       |   109 |
|    Minimum number of control sets                        |   109 |
|    Addition due to synthesis replication                 |     0 |
|    Addition due to physical synthesis replication        |     0 |
| Unused register locations in slices containing registers |   389 |
+----------------------------------------------------------+-------+
* Control sets can be merged at opt_design using control_set_merge or merge_equivalent_drivers
** Run report_qor_suggestions for automated merging and remapping suggestions


2. Histogram
------------

+--------------------+-------+
|       Fanout       | Count |
+--------------------+-------+
| Total control sets |   109 |
| >= 0 to < 4        |     0 |
| >= 4 to < 6        |     5 |
| >= 6 to < 8        |     4 |
| >= 8 to < 10       |     4 |
| >= 10 to < 12      |     0 |
| >= 12 to < 14      |     2 |
| >= 14 to < 16      |     4 |
| >= 16              |    90 |
+--------------------+-------+
* Control sets can be remapped at either synth_design or opt_design


3. Flip-Flop Distribution
-------------------------

+--------------+-----------------------+------------------------+-----------------+--------------+
| Clock Enable | Synchronous Set/Reset | Asynchronous Set/Reset | Total Registers | Total Slices |
+--------------+-----------------------+------------------------+-----------------+--------------+
| No           | No                    | No                     |             243 |           71 |
| No           | No                    | Yes                    |             122 |           67 |
| No           | Yes                   | No                     |              83 |           36 |
| Yes          | No                    | No                     |             292 |           90 |
| Yes          | No                    | Yes                    |            1224 |          515 |
| Yes          | Yes                   | No                     |             303 |           74 |
+--------------+-----------------------+------------------------+-----------------+--------------+


4. Detailed Control Set Information
-----------------------------------

+-------------------------------------+---------------------------------------------------------------------------------------------------------+--------------------------------------------------------------------------------------------------------------+------------------+----------------+--------------+
|             Clock Signal            |                                              Enable Signal                                              |                                               Set/Reset Signal                                               | Slice Load Count | Bel Load Count | Bels / Slice |
+-------------------------------------+---------------------------------------------------------------------------------------------------------+--------------------------------------------------------------------------------------------------------------+------------------+----------------+--------------+
|  design_1_i/clk_wiz_0/inst/clk_out1 |                                                                                                         | design_1_i/proc_sys_reset_0/U0/EXT_LPF/lpf_int                                                               |                3 |              4 |         1.33 |
|  design_1_i/clk_wiz_0/inst/clk_out2 |                                                                                                         | design_1_i/proc_sys_reset_1/U0/EXT_LPF/lpf_int                                                               |                3 |              4 |         1.33 |
|  design_1_i/clk_wiz_0/inst/clk_out1 | design_1_i/volume_0/U0/left_signal                                                                      | design_1_i/volume_0/U0/m_axis_tvalid_i_2_n_0                                                                 |                3 |              4 |         1.33 |
|  design_1_i/clk_wiz_0/inst/clk_out1 | design_1_i/axi4stream_spi_master_0/U0/inst_axis_lw_spi_master/inst_lw_spi_master/cntr[3]_i_2_n_0        | design_1_i/axi4stream_spi_master_0/U0/inst_axis_lw_spi_master/inst_lw_spi_master/cntr[3]_i_1_n_0             |                1 |              4 |         4.00 |
|  design_1_i/clk_wiz_0/inst/clk_out1 | design_1_i/balance_controller_0/U0/amplification_factor[3]_i_1_n_0                                      | design_1_i/balance_controller_0/U0/m_axis_tvalid_i_2_n_0                                                     |                1 |              4 |         4.00 |
|  design_1_i/clk_wiz_0/inst/clk_out1 |                                                                                                         | design_1_i/digilent_jstk2_0/U0/FSM_sequential_state_cmd[2]_i_1_n_0                                           |                3 |              6 |         2.00 |
|  design_1_i/clk_wiz_0/inst/clk_out1 | design_1_i/proc_sys_reset_0/U0/SEQ/seq_cnt_en                                                           | design_1_i/proc_sys_reset_0/U0/SEQ/SEQ_COUNTER/clear                                                         |                1 |              6 |         6.00 |
|  design_1_i/clk_wiz_0/inst/clk_out2 | design_1_i/proc_sys_reset_1/U0/SEQ/seq_cnt_en                                                           | design_1_i/proc_sys_reset_1/U0/SEQ/SEQ_COUNTER/clear                                                         |                1 |              6 |         6.00 |
|  design_1_i/clk_wiz_0/inst/clk_out1 | design_1_i/axi4stream_spi_master_0/U0/inst_axis_lw_spi_master/inst_lw_spi_master/write_reg[7]_i_1_n_0   |                                                                                                              |                2 |              7 |         3.50 |
|  design_1_i/clk_wiz_0/inst/clk_out1 | design_1_i/digilent_jstk2_0/U0/jstk_y_temp[7]_i_1_n_0                                                   |                                                                                                              |                1 |              8 |         8.00 |
|  design_1_i/clk_wiz_0/inst/clk_out1 | design_1_i/digilent_jstk2_0/U0/jstk_x_temp[7]_i_1_n_0                                                   |                                                                                                              |                1 |              8 |         8.00 |
|  design_1_i/clk_wiz_0/inst/clk_out1 | design_1_i/axi4stream_spi_master_0/U0/inst_axis_lw_spi_master/inst_lw_spi_master/miso_data_o[7]_i_1_n_0 |                                                                                                              |                4 |              8 |         2.00 |
|  design_1_i/clk_wiz_0/inst/clk_out1 | design_1_i/axi4stream_spi_master_0/U0/inst_axis_lw_spi_master/inst_lw_spi_master/read_reg[7]_i_2_n_0    | design_1_i/axi4stream_spi_master_0/U0/inst_axis_lw_spi_master/inst_lw_spi_master/read_reg[7]_i_1_n_0         |                2 |              8 |         4.00 |
|  design_1_i/clk_wiz_0/inst/clk_out1 |                                                                                                         | design_1_i/axis_dual_i2s_0/inst/rx_fifo/xpm_fifo_base_inst/xpm_fifo_rst_inst/wrst_busy                       |                4 |             12 |         3.00 |
|  design_1_i/clk_wiz_0/inst/clk_out2 |                                                                                                         | design_1_i/axis_dual_i2s_0/inst/tx_fifo/xpm_fifo_base_inst/xpm_fifo_rst_inst/wrst_busy                       |                5 |             12 |         2.40 |
|  design_1_i/clk_wiz_0/inst/clk_out1 | design_1_i/digilent_jstk2_0/U0/delay_counter                                                            | design_1_i/digilent_jstk2_0/U0/FSM_sequential_state_cmd[2]_i_1_n_0                                           |                3 |             15 |         5.00 |
|  design_1_i/clk_wiz_0/inst/clk_out1 |                                                                                                         | design_1_i/axi4stream_spi_master_0/U0/inst_axis_lw_spi_master/inst_lw_spi_master/edgecntr[13]_i_1_n_0        |                3 |             15 |         5.00 |
|  design_1_i/clk_wiz_0/inst/clk_out1 |                                                                                                         | design_1_i/axis_dual_i2s_0/inst/tx_fifo/xpm_fifo_base_inst/xpm_fifo_rst_inst/gen_rst_ic.fifo_rd_rst_ic_reg_0 |                7 |             15 |         2.14 |
|  design_1_i/clk_wiz_0/inst/clk_out2 |                                                                                                         | design_1_i/axis_dual_i2s_0/inst/rx_fifo/xpm_fifo_base_inst/xpm_fifo_rst_inst/gen_rst_ic.fifo_rd_rst_ic_reg_0 |                8 |             15 |         1.88 |
|  design_1_i/clk_wiz_0/inst/clk_out1 | design_1_i/dual_moving_average_0/U0/right_avg[2]_33                                                     | design_1_i/dual_moving_average_0/U0/FSM_onehot_sender[2]_i_2_n_0                                             |                4 |             19 |         4.75 |
|  design_1_i/clk_wiz_0/inst/clk_out1 | design_1_i/dual_moving_average_0/U0/left_avg[3]_30                                                      | design_1_i/dual_moving_average_0/U0/FSM_onehot_sender[2]_i_2_n_0                                             |                8 |             19 |         2.38 |
|  design_1_i/clk_wiz_0/inst/clk_out1 | design_1_i/dual_moving_average_0/U0/left_avg[20]_7                                                      | design_1_i/dual_moving_average_0/U0/FSM_onehot_sender[2]_i_2_n_0                                             |                9 |             19 |         2.11 |
|  design_1_i/clk_wiz_0/inst/clk_out1 | design_1_i/dual_moving_average_0/U0/left_avg[21]_14                                                     | design_1_i/dual_moving_average_0/U0/FSM_onehot_sender[2]_i_2_n_0                                             |                9 |             19 |         2.11 |
|  design_1_i/clk_wiz_0/inst/clk_out1 | design_1_i/dual_moving_average_0/U0/left_avg[1]_3                                                       | design_1_i/dual_moving_average_0/U0/FSM_onehot_sender[2]_i_2_n_0                                             |                8 |             19 |         2.38 |
|  design_1_i/clk_wiz_0/inst/clk_out1 | design_1_i/dual_moving_average_0/U0/left_avg[23]_10                                                     | design_1_i/dual_moving_average_0/U0/FSM_onehot_sender[2]_i_2_n_0                                             |               10 |             19 |         1.90 |
|  design_1_i/clk_wiz_0/inst/clk_out1 | design_1_i/dual_moving_average_0/U0/right_avg[3]_55                                                     | design_1_i/dual_moving_average_0/U0/FSM_onehot_sender[2]_i_2_n_0                                             |                6 |             19 |         3.17 |
|  design_1_i/clk_wiz_0/inst/clk_out1 | design_1_i/dual_moving_average_0/U0/right_avg[22]_43                                                    | design_1_i/dual_moving_average_0/U0/FSM_onehot_sender[2]_i_2_n_0                                             |                7 |             19 |         2.71 |
|  design_1_i/clk_wiz_0/inst/clk_out1 | design_1_i/dual_moving_average_0/U0/right_avg[0][23]_i_1_n_0                                            | design_1_i/dual_moving_average_0/U0/FSM_onehot_sender[2]_i_2_n_0                                             |                3 |             19 |         6.33 |
|  design_1_i/clk_wiz_0/inst/clk_out1 | design_1_i/dual_moving_average_0/U0/right_avg[6]_53                                                     | design_1_i/dual_moving_average_0/U0/FSM_onehot_sender[2]_i_2_n_0                                             |                6 |             19 |         3.17 |
|  design_1_i/clk_wiz_0/inst/clk_out1 | design_1_i/dual_moving_average_0/U0/right_avg[4]_32                                                     | design_1_i/dual_moving_average_0/U0/FSM_onehot_sender[2]_i_2_n_0                                             |                6 |             19 |         3.17 |
|  design_1_i/clk_wiz_0/inst/clk_out1 | design_1_i/dual_moving_average_0/U0/left_avg[22]_12                                                     | design_1_i/dual_moving_average_0/U0/FSM_onehot_sender[2]_i_2_n_0                                             |                7 |             19 |         2.71 |
|  design_1_i/clk_wiz_0/inst/clk_out1 | design_1_i/dual_moving_average_0/U0/right_avg[13]_58                                                    | design_1_i/dual_moving_average_0/U0/FSM_onehot_sender[2]_i_2_n_0                                             |                9 |             19 |         2.11 |
|  design_1_i/clk_wiz_0/inst/clk_out1 | design_1_i/dual_moving_average_0/U0/right_avg[24]_39                                                    | design_1_i/dual_moving_average_0/U0/FSM_onehot_sender[2]_i_2_n_0                                             |                7 |             19 |         2.71 |
|  design_1_i/clk_wiz_0/inst/clk_out1 | design_1_i/dual_moving_average_0/U0/left_avg[30]_11                                                     | design_1_i/dual_moving_average_0/U0/FSM_onehot_sender[2]_i_2_n_0                                             |                9 |             19 |         2.11 |
|  design_1_i/clk_wiz_0/inst/clk_out1 | design_1_i/dual_moving_average_0/U0/left_avg[6]_28                                                      | design_1_i/dual_moving_average_0/U0/FSM_onehot_sender[2]_i_2_n_0                                             |                8 |             19 |         2.38 |
|  design_1_i/clk_wiz_0/inst/clk_out1 | design_1_i/dual_moving_average_0/U0/left_avg[25]_19                                                     | design_1_i/dual_moving_average_0/U0/FSM_onehot_sender[2]_i_2_n_0                                             |                9 |             19 |         2.11 |
|  design_1_i/clk_wiz_0/inst/clk_out1 | design_1_i/dual_moving_average_0/U0/right_avg[27]_46                                                    | design_1_i/dual_moving_average_0/U0/FSM_onehot_sender[2]_i_2_n_0                                             |                6 |             19 |         3.17 |
|  design_1_i/clk_wiz_0/inst/clk_out1 | design_1_i/dual_moving_average_0/U0/left_avg[13]_23                                                     | design_1_i/dual_moving_average_0/U0/FSM_onehot_sender[2]_i_2_n_0                                             |                9 |             19 |         2.11 |
|  design_1_i/clk_wiz_0/inst/clk_out1 | design_1_i/dual_moving_average_0/U0/left_avg[29]_13                                                     | design_1_i/dual_moving_average_0/U0/FSM_onehot_sender[2]_i_2_n_0                                             |                6 |             19 |         3.17 |
|  design_1_i/clk_wiz_0/inst/clk_out1 | design_1_i/dual_moving_average_0/U0/right_avg[15]_56                                                    | design_1_i/dual_moving_average_0/U0/FSM_onehot_sender[2]_i_2_n_0                                             |                8 |             19 |         2.38 |
|  design_1_i/clk_wiz_0/inst/clk_out1 | design_1_i/dual_moving_average_0/U0/left_avg[17]_20                                                     | design_1_i/dual_moving_average_0/U0/FSM_onehot_sender[2]_i_2_n_0                                             |                9 |             19 |         2.11 |
|  design_1_i/clk_wiz_0/inst/clk_out1 | design_1_i/dual_moving_average_0/U0/right_avg[12]_36                                                    | design_1_i/dual_moving_average_0/U0/FSM_onehot_sender[2]_i_2_n_0                                             |                7 |             19 |         2.71 |
|  design_1_i/clk_wiz_0/inst/clk_out1 | design_1_i/dual_moving_average_0/U0/left_avg[8]_0                                                       | design_1_i/dual_moving_average_0/U0/FSM_onehot_sender[2]_i_2_n_0                                             |               10 |             19 |         1.90 |
|  design_1_i/clk_wiz_0/inst/clk_out1 | design_1_i/dual_moving_average_0/U0/left_avg[5]_29                                                      | design_1_i/dual_moving_average_0/U0/FSM_onehot_sender[2]_i_2_n_0                                             |               10 |             19 |         1.90 |
|  design_1_i/clk_wiz_0/inst/clk_out1 | design_1_i/dual_moving_average_0/U0/left_avg[4]_1                                                       | design_1_i/dual_moving_average_0/U0/FSM_onehot_sender[2]_i_2_n_0                                             |                8 |             19 |         2.38 |
|  design_1_i/clk_wiz_0/inst/clk_out1 | design_1_i/dual_moving_average_0/U0/left_avg[10]_25                                                     | design_1_i/dual_moving_average_0/U0/FSM_onehot_sender[2]_i_2_n_0                                             |                9 |             19 |         2.11 |
|  design_1_i/clk_wiz_0/inst/clk_out1 | design_1_i/dual_moving_average_0/U0/right_avg[21]_45                                                    | design_1_i/dual_moving_average_0/U0/FSM_onehot_sender[2]_i_2_n_0                                             |                9 |             19 |         2.11 |
|  design_1_i/clk_wiz_0/inst/clk_out1 | design_1_i/dual_moving_average_0/U0/right_avg[16]_35                                                    | design_1_i/dual_moving_average_0/U0/FSM_onehot_sender[2]_i_2_n_0                                             |                9 |             19 |         2.11 |
|  design_1_i/clk_wiz_0/inst/clk_out1 | design_1_i/dual_moving_average_0/U0/left_avg[26]_17                                                     | design_1_i/dual_moving_average_0/U0/FSM_onehot_sender[2]_i_2_n_0                                             |                8 |             19 |         2.38 |
|  design_1_i/clk_wiz_0/inst/clk_out1 | design_1_i/dual_moving_average_0/U0/right_avg[29]_44                                                    | design_1_i/dual_moving_average_0/U0/FSM_onehot_sender[2]_i_2_n_0                                             |                3 |             19 |         6.33 |
|  design_1_i/clk_wiz_0/inst/clk_out1 | design_1_i/dual_moving_average_0/U0/left_avg[12]_5                                                      | design_1_i/dual_moving_average_0/U0/FSM_onehot_sender[2]_i_2_n_0                                             |               12 |             19 |         1.58 |
|  design_1_i/clk_wiz_0/inst/clk_out1 | design_1_i/dual_moving_average_0/U0/right_avg[9]_61                                                     | design_1_i/dual_moving_average_0/U0/FSM_onehot_sender[2]_i_2_n_0                                             |               10 |             19 |         1.90 |
|  design_1_i/clk_wiz_0/inst/clk_out1 | design_1_i/dual_moving_average_0/U0/left_avg[14]_22                                                     | design_1_i/dual_moving_average_0/U0/FSM_onehot_sender[2]_i_2_n_0                                             |                7 |             19 |         2.71 |
|  design_1_i/clk_wiz_0/inst/clk_out1 | design_1_i/dual_moving_average_0/U0/left_avg[24]_8                                                      | design_1_i/dual_moving_average_0/U0/FSM_onehot_sender[2]_i_2_n_0                                             |                5 |             19 |         3.80 |
|  design_1_i/clk_wiz_0/inst/clk_out1 | design_1_i/dual_moving_average_0/U0/right_avg[30]_42                                                    | design_1_i/dual_moving_average_0/U0/FSM_onehot_sender[2]_i_2_n_0                                             |               11 |             19 |         1.73 |
|  design_1_i/clk_wiz_0/inst/clk_out1 | design_1_i/dual_moving_average_0/U0/right_avg[10]_60                                                    | design_1_i/dual_moving_average_0/U0/FSM_onehot_sender[2]_i_2_n_0                                             |                9 |             19 |         2.11 |
|  design_1_i/clk_wiz_0/inst/clk_out1 | design_1_i/dual_moving_average_0/U0/right_avg[18]_49                                                    | design_1_i/dual_moving_average_0/U0/FSM_onehot_sender[2]_i_2_n_0                                             |                6 |             19 |         3.17 |
|  design_1_i/clk_wiz_0/inst/clk_out1 | design_1_i/dual_moving_average_0/U0/right_avg[11]_59                                                    | design_1_i/dual_moving_average_0/U0/FSM_onehot_sender[2]_i_2_n_0                                             |                8 |             19 |         2.38 |
|  design_1_i/clk_wiz_0/inst/clk_out1 | design_1_i/dual_moving_average_0/U0/left_avg[18]_18                                                     | design_1_i/dual_moving_average_0/U0/FSM_onehot_sender[2]_i_2_n_0                                             |                9 |             19 |         2.11 |
|  design_1_i/clk_wiz_0/inst/clk_out1 | design_1_i/dual_moving_average_0/U0/left_avg[0][23]_i_1_n_0                                             | design_1_i/dual_moving_average_0/U0/FSM_onehot_sender[2]_i_2_n_0                                             |                9 |             19 |         2.11 |
|  design_1_i/clk_wiz_0/inst/clk_out1 | design_1_i/dual_moving_average_0/U0/left_avg[9]_26                                                      | design_1_i/dual_moving_average_0/U0/FSM_onehot_sender[2]_i_2_n_0                                             |               12 |             19 |         1.58 |
|  design_1_i/clk_wiz_0/inst/clk_out1 | design_1_i/dual_moving_average_0/U0/right_avg[14]_57                                                    | design_1_i/dual_moving_average_0/U0/FSM_onehot_sender[2]_i_2_n_0                                             |                7 |             19 |         2.71 |
|  design_1_i/clk_wiz_0/inst/clk_out1 | design_1_i/dual_moving_average_0/U0/right_avg[25]_50                                                    | design_1_i/dual_moving_average_0/U0/FSM_onehot_sender[2]_i_2_n_0                                             |                8 |             19 |         2.38 |
|  design_1_i/clk_wiz_0/inst/clk_out1 | design_1_i/dual_moving_average_0/U0/right_avg[20]_38                                                    | design_1_i/dual_moving_average_0/U0/FSM_onehot_sender[2]_i_2_n_0                                             |                9 |             19 |         2.11 |
|  design_1_i/clk_wiz_0/inst/clk_out1 | design_1_i/dual_moving_average_0/U0/right_avg[28]_37                                                    | design_1_i/dual_moving_average_0/U0/FSM_onehot_sender[2]_i_2_n_0                                             |                5 |             19 |         3.80 |
|  design_1_i/clk_wiz_0/inst/clk_out1 | design_1_i/dual_moving_average_0/U0/right_avg[7]_52                                                     | design_1_i/dual_moving_average_0/U0/FSM_onehot_sender[2]_i_2_n_0                                             |               10 |             19 |         1.90 |
|  design_1_i/clk_wiz_0/inst/clk_out1 | design_1_i/dual_moving_average_0/U0/right_avg[19]_47                                                    | design_1_i/dual_moving_average_0/U0/FSM_onehot_sender[2]_i_2_n_0                                             |                8 |             19 |         2.38 |
|  design_1_i/clk_wiz_0/inst/clk_out1 | design_1_i/dual_moving_average_0/U0/right_avg[5]_54                                                     | design_1_i/dual_moving_average_0/U0/FSM_onehot_sender[2]_i_2_n_0                                             |                5 |             19 |         3.80 |
|  design_1_i/clk_wiz_0/inst/clk_out1 | design_1_i/dual_moving_average_0/U0/left_avg[15]_21                                                     | design_1_i/dual_moving_average_0/U0/FSM_onehot_sender[2]_i_2_n_0                                             |                7 |             19 |         2.71 |
|  design_1_i/clk_wiz_0/inst/clk_out1 | design_1_i/dual_moving_average_0/U0/left_avg[31]_9                                                      | design_1_i/dual_moving_average_0/U0/FSM_onehot_sender[2]_i_2_n_0                                             |               10 |             19 |         1.90 |
|  design_1_i/clk_wiz_0/inst/clk_out1 | design_1_i/dual_moving_average_0/U0/left_avg[11]_24                                                     | design_1_i/dual_moving_average_0/U0/FSM_onehot_sender[2]_i_2_n_0                                             |                8 |             19 |         2.38 |
|  design_1_i/clk_wiz_0/inst/clk_out1 | design_1_i/dual_moving_average_0/U0/right_avg[17]_51                                                    | design_1_i/dual_moving_average_0/U0/FSM_onehot_sender[2]_i_2_n_0                                             |                8 |             19 |         2.38 |
|  design_1_i/clk_wiz_0/inst/clk_out1 | design_1_i/dual_moving_average_0/U0/left_avg[28]_6                                                      | design_1_i/dual_moving_average_0/U0/FSM_onehot_sender[2]_i_2_n_0                                             |                9 |             19 |         2.11 |
|  design_1_i/clk_wiz_0/inst/clk_out1 | design_1_i/dual_moving_average_0/U0/right_avg[23]_41                                                    | design_1_i/dual_moving_average_0/U0/FSM_onehot_sender[2]_i_2_n_0                                             |               11 |             19 |         1.73 |
|  design_1_i/clk_wiz_0/inst/clk_out1 | design_1_i/dual_moving_average_0/U0/right_avg[1]_34                                                     | design_1_i/dual_moving_average_0/U0/FSM_onehot_sender[2]_i_2_n_0                                             |                3 |             19 |         6.33 |
|  design_1_i/clk_wiz_0/inst/clk_out1 | design_1_i/dual_moving_average_0/U0/right_avg[31]_40                                                    | design_1_i/dual_moving_average_0/U0/FSM_onehot_sender[2]_i_2_n_0                                             |                9 |             19 |         2.11 |
|  design_1_i/clk_wiz_0/inst/clk_out1 | design_1_i/dual_moving_average_0/U0/left_avg[7]_27                                                      | design_1_i/dual_moving_average_0/U0/FSM_onehot_sender[2]_i_2_n_0                                             |               11 |             19 |         1.73 |
|  design_1_i/clk_wiz_0/inst/clk_out1 | design_1_i/dual_moving_average_0/U0/left_avg[19]_16                                                     | design_1_i/dual_moving_average_0/U0/FSM_onehot_sender[2]_i_2_n_0                                             |                7 |             19 |         2.71 |
|  design_1_i/clk_wiz_0/inst/clk_out1 | design_1_i/dual_moving_average_0/U0/left_avg[2]_2                                                       | design_1_i/dual_moving_average_0/U0/FSM_onehot_sender[2]_i_2_n_0                                             |                7 |             19 |         2.71 |
|  design_1_i/clk_wiz_0/inst/clk_out1 | design_1_i/dual_moving_average_0/U0/right_avg[26]_48                                                    | design_1_i/dual_moving_average_0/U0/FSM_onehot_sender[2]_i_2_n_0                                             |                8 |             19 |         2.38 |
|  design_1_i/clk_wiz_0/inst/clk_out1 | design_1_i/dual_moving_average_0/U0/left_avg[27]_15                                                     | design_1_i/dual_moving_average_0/U0/FSM_onehot_sender[2]_i_2_n_0                                             |               10 |             19 |         1.90 |
|  design_1_i/clk_wiz_0/inst/clk_out1 | design_1_i/dual_moving_average_0/U0/right_avg[8]_31                                                     | design_1_i/dual_moving_average_0/U0/FSM_onehot_sender[2]_i_2_n_0                                             |                9 |             19 |         2.11 |
|  design_1_i/clk_wiz_0/inst/clk_out1 | design_1_i/dual_moving_average_0/U0/left_avg[16]_4                                                      | design_1_i/dual_moving_average_0/U0/FSM_onehot_sender[2]_i_2_n_0                                             |                8 |             19 |         2.38 |
|  design_1_i/clk_wiz_0/inst/clk_out1 | design_1_i/axis_dual_i2s_0/inst/tx_fifo/xpm_fifo_base_inst/rdpp1_inst/E[0]                              | design_1_i/axis_dual_i2s_0/inst/tx_fifo/xpm_fifo_base_inst/xpm_fifo_rst_inst/gen_rst_ic.fifo_rd_rst_ic_reg_0 |                6 |             21 |         3.50 |
|  design_1_i/clk_wiz_0/inst/clk_out2 | design_1_i/axis_dual_i2s_0/inst/rx_fifo/xpm_fifo_base_inst/rdpp1_inst/E[0]                              | design_1_i/axis_dual_i2s_0/inst/rx_fifo/xpm_fifo_base_inst/xpm_fifo_rst_inst/gen_rst_ic.fifo_rd_rst_ic_reg_0 |                6 |             21 |         3.50 |
|  design_1_i/clk_wiz_0/inst/clk_out1 | design_1_i/digilent_jstk2_0/U0/jstk_x[9]_i_1_n_0                                                        |                                                                                                              |                7 |             22 |         3.14 |
|  design_1_i/clk_wiz_0/inst/clk_out2 | design_1_i/axis_dual_i2s_0/inst/axis_dual_i2s_inst/tx_data_l_shift0_in[23]                              |                                                                                                              |                4 |             23 |         5.75 |
|  design_1_i/clk_wiz_0/inst/clk_out2 | design_1_i/axis_dual_i2s_0/inst/axis_dual_i2s_inst/tx_data_r_shift[23]                                  |                                                                                                              |                4 |             23 |         5.75 |
|  design_1_i/clk_wiz_0/inst/clk_out2 | design_1_i/axis_dual_i2s_0/inst/axis_dual_i2s_inst/tx_data_r_3                                          | design_1_i/axis_dual_i2s_0/inst/axis_dual_i2s_inst/rx_data_l[23]_i_1_n_0                                     |                4 |             24 |         6.00 |
|  design_1_i/clk_wiz_0/inst/clk_out2 | design_1_i/axis_dual_i2s_0/inst/axis_dual_i2s_inst/rx_data_l_shift_2                                    |                                                                                                              |                6 |             24 |         4.00 |
|  design_1_i/clk_wiz_0/inst/clk_out2 | design_1_i/axis_dual_i2s_0/inst/axis_dual_i2s_inst/rx_data_r_shift_1                                    |                                                                                                              |                6 |             24 |         4.00 |
|  design_1_i/clk_wiz_0/inst/clk_out1 | design_1_i/volume_0/U0/right_signal0                                                                    |                                                                                                              |               13 |             24 |         1.85 |
|  design_1_i/clk_wiz_0/inst/clk_out1 | design_1_i/volume_0/U0/left_signal0                                                                     |                                                                                                              |               12 |             24 |         2.00 |
|  design_1_i/clk_wiz_0/inst/clk_out2 | design_1_i/axis_dual_i2s_0/inst/axis_dual_i2s_inst/tx_data_l_4                                          | design_1_i/axis_dual_i2s_0/inst/axis_dual_i2s_inst/rx_data_l[23]_i_1_n_0                                     |                6 |             24 |         4.00 |
|  design_1_i/clk_wiz_0/inst/clk_out1 | design_1_i/dual_moving_average_0/U0/right_avg_number0                                                   |                                                                                                              |                6 |             24 |         4.00 |
|  design_1_i/clk_wiz_0/inst/clk_out1 | design_1_i/balance_controller_0/U0/right_signal0                                                        |                                                                                                              |                9 |             24 |         2.67 |
|  design_1_i/clk_wiz_0/inst/clk_out1 | design_1_i/dual_moving_average_0/U0/left_avg_number0                                                    |                                                                                                              |                6 |             24 |         4.00 |
|  design_1_i/clk_wiz_0/inst/clk_out1 | design_1_i/balance_controller_0/U0/right0                                                               |                                                                                                              |                9 |             25 |         2.78 |
|  design_1_i/clk_wiz_0/inst/clk_out1 |                                                                                                         | design_1_i/balance_controller_0/U0/m_axis_tvalid_i_2_n_0                                                     |               18 |             30 |         1.67 |
|  design_1_i/clk_wiz_0/inst/clk_out1 |                                                                                                         | design_1_i/dual_moving_average_0/U0/FSM_onehot_sender[2]_i_2_n_0                                             |               10 |             30 |         3.00 |
|  design_1_i/clk_wiz_0/inst/clk_out1 |                                                                                                         | design_1_i/volume_0/U0/m_axis_tvalid_i_2_n_0                                                                 |               27 |             30 |         1.11 |
|  design_1_i/clk_wiz_0/inst/clk_out2 | design_1_i/axis_dual_i2s_0/inst/tx_fifo/xpm_fifo_base_inst/xpm_fifo_rst_inst/E[0]                       | design_1_i/axis_dual_i2s_0/inst/tx_fifo/xpm_fifo_base_inst/xpm_fifo_rst_inst/wrst_busy                       |                8 |             31 |         3.88 |
|  design_1_i/clk_wiz_0/inst/clk_out1 | design_1_i/axis_dual_i2s_0/inst/rx_fifo/xpm_fifo_base_inst/xpm_fifo_rst_inst/E[0]                       | design_1_i/axis_dual_i2s_0/inst/rx_fifo/xpm_fifo_base_inst/xpm_fifo_rst_inst/wrst_busy                       |                8 |             31 |         3.88 |
|  design_1_i/clk_wiz_0/inst/clk_out1 | design_1_i/dual_moving_average_0/U0/left_index0                                                         | design_1_i/dual_moving_average_0/U0/left_index[31]_i_1_n_0                                                   |                9 |             32 |         3.56 |
|  design_1_i/clk_wiz_0/inst/clk_out1 |                                                                                                         | design_1_i/proc_sys_reset_0/U0/peripheral_reset[0]                                                           |               12 |             32 |         2.67 |
|  design_1_i/clk_wiz_0/inst/clk_out1 | design_1_i/dual_moving_average_0/U0/right_index0                                                        | design_1_i/dual_moving_average_0/U0/right_index[31]_i_1_n_0                                                  |                8 |             32 |         4.00 |
|  design_1_i/clk_wiz_0/inst/clk_out2 | design_1_i/axis_dual_i2s_0/inst/axis_dual_i2s_inst/rx_data_l0                                           | design_1_i/axis_dual_i2s_0/inst/axis_dual_i2s_inst/rx_data_l[23]_i_1_n_0                                     |               11 |             48 |         4.36 |
|  design_1_i/clk_wiz_0/inst/clk_out2 |                                                                                                         |                                                                                                              |               37 |            121 |         3.27 |
|  design_1_i/clk_wiz_0/inst/clk_out1 |                                                                                                         |                                                                                                              |               36 |            124 |         3.44 |
+-------------------------------------+---------------------------------------------------------------------------------------------------------+--------------------------------------------------------------------------------------------------------------+------------------+----------------+--------------+


