Copyright 1986-2020 Xilinx, Inc. All Rights Reserved.
------------------------------------------------------------------------------------------
| Tool Version : Vivado v.2020.2 (lin64) Build 3064766 Wed Nov 18 09:12:47 MST 2020
| Date         : Wed Apr 19 09:47:21 2023
| Host         : Matteo-PC running 64-bit Ubuntu 22.04.2 LTS
| Command      : report_control_sets -verbose -file space_wrapper_control_sets_placed.rpt
| Design       : space_wrapper
| Device       : xc7a35t
------------------------------------------------------------------------------------------

Control Set Information

Table of Contents
-----------------
1. Summary
2. Histogram
3. Flip-Flop Distribution
4. Detailed Control Set Information

1. Summary
----------

+----------------------------------------------------------+-------+
|                          Status                          | Count |
+----------------------------------------------------------+-------+
| Total control sets                                       |    34 |
|    Minimum number of control sets                        |    34 |
|    Addition due to synthesis replication                 |     0 |
|    Addition due to physical synthesis replication        |     0 |
| Unused register locations in slices containing registers |    81 |
+----------------------------------------------------------+-------+
* Control sets can be merged at opt_design using control_set_merge or merge_equivalent_drivers
** Run report_qor_suggestions for automated merging and remapping suggestions


2. Histogram
------------

+--------------------+-------+
|       Fanout       | Count |
+--------------------+-------+
| Total control sets |    34 |
| >= 0 to < 4        |     0 |
| >= 4 to < 6        |     8 |
| >= 6 to < 8        |     3 |
| >= 8 to < 10       |     7 |
| >= 10 to < 12      |     2 |
| >= 12 to < 14      |     2 |
| >= 14 to < 16      |     3 |
| >= 16              |     9 |
+--------------------+-------+
* Control sets can be remapped at either synth_design or opt_design


3. Flip-Flop Distribution
-------------------------

+--------------+-----------------------+------------------------+-----------------+--------------+
| Clock Enable | Synchronous Set/Reset | Asynchronous Set/Reset | Total Registers | Total Slices |
+--------------+-----------------------+------------------------+-----------------+--------------+
| No           | No                    | No                     |             203 |           46 |
| No           | No                    | Yes                    |               5 |            2 |
| No           | Yes                   | No                     |             135 |           52 |
| Yes          | No                    | No                     |              42 |            7 |
| Yes          | No                    | Yes                    |              16 |            2 |
| Yes          | Yes                   | No                     |             222 |           60 |
+--------------+-----------------------+------------------------+-----------------+--------------+


4. Detailed Control Set Information
-----------------------------------

+----------------------------------+-------------------------------------------------------------------------------------------------------+---------------------------------------------------------------------------------------------------------------------------------------------------+------------------+----------------+--------------+
|           Clock Signal           |                                             Enable Signal                                             |                                                                  Set/Reset Signal                                                                 | Slice Load Count | Bel Load Count | Bels / Slice |
+----------------------------------+-------------------------------------------------------------------------------------------------------+---------------------------------------------------------------------------------------------------------------------------------------------------+------------------+----------------+--------------+
|  space_i/clk_wiz_0/inst/clk_out1 |                                                                                                       | space_i/AXI4Stream_UART_0/U0/FIFO_DATA_RX/gnuram_async_fifo.xpm_fifo_base_inst/xpm_fifo_rst_inst/FSM_onehot_gen_rst_ic.curr_wrst_state[4]_i_1_n_0 |                2 |              4 |         2.00 |
|  space_i/clk_wiz_0/inst/clk_out1 | space_i/axi4stream_spi_master_0/U0/inst_axis_lw_spi_master/inst_lw_spi_master/cntr[3]_i_2_n_0         | space_i/axi4stream_spi_master_0/U0/inst_axis_lw_spi_master/inst_lw_spi_master/cntr[3]_i_1_n_0                                                     |                1 |              4 |         4.00 |
|  space_i/clk_wiz_0/inst/clk_out1 | space_i/AXI4Stream_UART_0/U0/UART_Manager_inst/Inst_uart/rx_baud_tick__0                              |                                                                                                                                                   |                1 |              4 |         4.00 |
|  space_i/clk_wiz_0/inst/clk_out1 | space_i/jstk_uart_bridge_0/U0/FSM_onehot_slave_state[3]_i_1_n_0                                       | space_i/jstk_uart_bridge_0/U0/m_axis_tdata[7]_i_1_n_0                                                                                             |                1 |              4 |         4.00 |
|  space_i/clk_wiz_0/inst/clk_out1 |                                                                                                       | space_i/AXI4Stream_UART_0/U0/FIFO_DATA_TX/gnuram_async_fifo.xpm_fifo_base_inst/xpm_fifo_rst_inst/FSM_onehot_gen_rst_ic.curr_wrst_state[4]_i_1_n_0 |                2 |              4 |         2.00 |
|  space_i/clk_wiz_0/inst/clk_out1 |                                                                                                       | space_i/proc_sys_reset_0/U0/EXT_LPF/lpf_int                                                                                                       |                2 |              4 |         2.00 |
|  space_i/clk_wiz_0/inst/clk_out1 | space_i/digilent_jstk2_0/U0/jstk_y__0_n_0                                                             | space_i/digilent_jstk2_0/U0/m_axis_tvalid_i_1_n_0                                                                                                 |                1 |              5 |         5.00 |
|  space_i/clk_wiz_0/inst/clk_out1 | space_i/digilent_jstk2_0/U0/jstk_x__0_n_0                                                             | space_i/digilent_jstk2_0/U0/m_axis_tvalid_i_1_n_0                                                                                                 |                2 |              5 |         2.50 |
|  space_i/clk_wiz_0/inst/clk_out1 | space_i/proc_sys_reset_0/U0/SEQ/seq_cnt_en                                                            | space_i/proc_sys_reset_0/U0/SEQ/SEQ_COUNTER/clear                                                                                                 |                1 |              6 |         6.00 |
|  space_i/clk_wiz_0/inst/clk_out1 | space_i/axi4stream_spi_master_0/U0/inst_axis_lw_spi_master/inst_lw_spi_master/miso_data_o[7]_i_1_n_0  |                                                                                                                                                   |                1 |              7 |         7.00 |
|  space_i/clk_wiz_0/inst/clk_out1 | space_i/axi4stream_spi_master_0/U0/inst_axis_lw_spi_master/inst_lw_spi_master/write_reg[7]_i_1_n_0    |                                                                                                                                                   |                2 |              7 |         3.50 |
|  space_i/clk_wiz_0/inst/clk_out1 | space_i/jstk_uart_bridge_0/U0/led_r[7]_i_1_n_0                                                        |                                                                                                                                                   |                1 |              8 |         8.00 |
|  space_i/clk_wiz_0/inst/clk_out1 | space_i/jstk_uart_bridge_0/U0/m_axis_tdata_0                                                          | space_i/jstk_uart_bridge_0/U0/m_axis_tdata[7]_i_1_n_0                                                                                             |                3 |              8 |         2.67 |
|  space_i/clk_wiz_0/inst/clk_out1 | space_i/jstk_uart_bridge_0/U0/led_g[7]_i_1_n_0                                                        |                                                                                                                                                   |                1 |              8 |         8.00 |
|  space_i/clk_wiz_0/inst/clk_out1 | space_i/AXI4Stream_UART_0/U0/UART_Manager_inst/data_stream_in[7]_i_1_n_0                              | space_i/proc_sys_reset_0/U0/peripheral_reset[0]                                                                                                   |                1 |              8 |         8.00 |
|  space_i/clk_wiz_0/inst/clk_out1 | space_i/AXI4Stream_UART_0/U0/UART_Manager_inst/Inst_uart/E[0]                                         | space_i/proc_sys_reset_0/U0/peripheral_reset[0]                                                                                                   |                1 |              8 |         8.00 |
|  space_i/clk_wiz_0/inst/clk_out1 | space_i/axi4stream_spi_master_0/U0/inst_axis_lw_spi_master/inst_lw_spi_master/read_reg[7]_i_2_n_0     | space_i/axi4stream_spi_master_0/U0/inst_axis_lw_spi_master/inst_lw_spi_master/read_reg[7]_i_1_n_0                                                 |                1 |              8 |         8.00 |
|  space_i/clk_wiz_0/inst/clk_out1 | space_i/jstk_uart_bridge_0/U0/led_b[7]_i_1_n_0                                                        |                                                                                                                                                   |                1 |              8 |         8.00 |
|  space_i/clk_wiz_0/inst/clk_out1 | space_i/AXI4Stream_UART_0/U0/UART_Manager_inst/Inst_uart/uart_tx_count[2]_i_1_n_0                     | space_i/proc_sys_reset_0/U0/peripheral_reset[0]                                                                                                   |                3 |             10 |         3.33 |
|  space_i/clk_wiz_0/inst/clk_out1 | space_i/AXI4Stream_UART_0/U0/UART_Manager_inst/Inst_uart/uart_rx_data_vec                             | space_i/proc_sys_reset_0/U0/peripheral_reset[0]                                                                                                   |                4 |             11 |         2.75 |
|  space_i/clk_wiz_0/inst/clk_out1 |                                                                                                       | space_i/AXI4Stream_UART_0/U0/FIFO_DATA_RX/gnuram_async_fifo.xpm_fifo_base_inst/xpm_fifo_rst_inst/wrst_busy                                        |                5 |             12 |         2.40 |
|  space_i/clk_wiz_0/inst/clk_out1 |                                                                                                       | space_i/AXI4Stream_UART_0/U0/FIFO_DATA_TX/gnuram_async_fifo.xpm_fifo_base_inst/xpm_fifo_rst_inst/wrst_busy                                        |                5 |             12 |         2.40 |
|  space_i/clk_wiz_0/inst/clk_out1 |                                                                                                       | space_i/axi4stream_spi_master_0/U0/inst_axis_lw_spi_master/inst_lw_spi_master/edgecntr[13]_i_1_n_0                                                |                4 |             15 |         3.75 |
|  space_i/clk_wiz_0/inst/clk_out1 |                                                                                                       | space_i/AXI4Stream_UART_0/U0/FIFO_DATA_TX/gnuram_async_fifo.xpm_fifo_base_inst/xpm_fifo_rst_inst/gen_rst_ic.fifo_rd_rst_ic_reg_0                  |                6 |             15 |         2.50 |
|  space_i/clk_wiz_0/inst/clk_out1 |                                                                                                       | space_i/AXI4Stream_UART_0/U0/FIFO_DATA_RX/gnuram_async_fifo.xpm_fifo_base_inst/xpm_fifo_rst_inst/gen_rst_ic.fifo_rd_rst_ic_reg_0                  |                5 |             15 |         3.00 |
|  space_i/clk_wiz_0/inst/clk_out1 | space_i/digilent_jstk2_0/U0/delay_count_0                                                             | space_i/digilent_jstk2_0/U0/m_axis_tvalid_i_1_n_0                                                                                                 |                5 |             16 |         3.20 |
|  space_i/clk_wiz_0/inst/clk_out1 | space_i/jstk_uart_bridge_0/U0/delay[20]_i_2_n_0                                                       | space_i/jstk_uart_bridge_0/U0/delay[20]_i_1_n_0                                                                                                   |                5 |             20 |         4.00 |
|  space_i/clk_wiz_0/inst/clk_out1 |                                                                                                       | space_i/digilent_jstk2_0/U0/m_axis_tvalid_i_1_n_0                                                                                                 |                6 |             21 |         3.50 |
|  space_i/clk_wiz_0/inst/clk_out1 | space_i/AXI4Stream_UART_0/U0/FIFO_DATA_TX/gnuram_async_fifo.xpm_fifo_base_inst/rdp_inst/E[0]          | space_i/AXI4Stream_UART_0/U0/FIFO_DATA_TX/gnuram_async_fifo.xpm_fifo_base_inst/xpm_fifo_rst_inst/gen_rst_ic.fifo_rd_rst_ic_reg_0                  |                6 |             23 |         3.83 |
|  space_i/clk_wiz_0/inst/clk_out1 | space_i/AXI4Stream_UART_0/U0/FIFO_DATA_RX/gnuram_async_fifo.xpm_fifo_base_inst/rdp_inst/E[0]          | space_i/AXI4Stream_UART_0/U0/FIFO_DATA_RX/gnuram_async_fifo.xpm_fifo_base_inst/xpm_fifo_rst_inst/gen_rst_ic.fifo_rd_rst_ic_reg_0                  |                6 |             23 |         3.83 |
|  space_i/clk_wiz_0/inst/clk_out1 | space_i/AXI4Stream_UART_0/U0/FIFO_DATA_RX/gnuram_async_fifo.xpm_fifo_base_inst/xpm_fifo_rst_inst/E[0] | space_i/AXI4Stream_UART_0/U0/FIFO_DATA_RX/gnuram_async_fifo.xpm_fifo_base_inst/xpm_fifo_rst_inst/wrst_busy                                        |                9 |             34 |         3.78 |
|  space_i/clk_wiz_0/inst/clk_out1 |                                                                                                       | space_i/proc_sys_reset_0/U0/peripheral_reset[0]                                                                                                   |               17 |             38 |         2.24 |
|  space_i/clk_wiz_0/inst/clk_out1 | space_i/AXI4Stream_UART_0/U0/FIFO_DATA_TX/gnuram_async_fifo.xpm_fifo_base_inst/xpm_fifo_rst_inst/E[0] | space_i/AXI4Stream_UART_0/U0/FIFO_DATA_TX/gnuram_async_fifo.xpm_fifo_base_inst/xpm_fifo_rst_inst/wrst_busy                                        |               12 |             45 |         3.75 |
|  space_i/clk_wiz_0/inst/clk_out1 |                                                                                                       |                                                                                                                                                   |               47 |            204 |         4.34 |
+----------------------------------+-------------------------------------------------------------------------------------------------------+---------------------------------------------------------------------------------------------------------------------------------------------------+------------------+----------------+--------------+


