
*** Running vivado
    with args -log space_digilent_jstk2_0_0.vds -m64 -product Vivado -mode batch -messageDb vivado.pb -notrace -source space_digilent_jstk2_0_0.tcl


****** Vivado v2020.2 (64-bit)
  **** SW Build 3064766 on Wed Nov 18 09:12:47 MST 2020
  **** IP Build 3064653 on Wed Nov 18 14:17:31 MST 2020
    ** Copyright 1986-2020 Xilinx, Inc. All Rights Reserved.

source space_digilent_jstk2_0_0.tcl -notrace
INFO: [IP_Flow 19-234] Refreshing IP repositories
INFO: [IP_Flow 19-1700] Loaded user IP repository '/home/matteo/Scrivania/UNI/Digital Electronics System Design/spaceship/spaceship.ipdefs/IP'.
INFO: [IP_Flow 19-2313] Loaded Vivado IP repository '/home/matteo/Xilinx/Vivado/2020.2/data/ip'.
Command: synth_design -top space_digilent_jstk2_0_0 -part xc7a35tcpg236-1 -mode out_of_context
Starting synth_design
WARNING: [IP_Flow 19-3571] IP 'space_digilent_jstk2_0_0' is restricted:
* Module reference is stale and needs refreshing.
Attempting to get a license for feature 'Synthesis' and/or device 'xc7a35t'
INFO: [Common 17-349] Got license for feature 'Synthesis' and/or device 'xc7a35t'
INFO: [Device 21-403] Loading part xc7a35tcpg236-1
INFO: [Synth 8-7079] Multithreading enabled for synth_design using a maximum of 4 processes.
INFO: [Synth 8-7078] Launching helper process for spawning children vivado processes
INFO: [Synth 8-7075] Helper process launched with PID 49915
---------------------------------------------------------------------------------
Starting RTL Elaboration : Time (s): cpu = 00:00:02 ; elapsed = 00:00:02 . Memory (MB): peak = 2315.422 ; gain = 0.000 ; free physical = 1609 ; free virtual = 11023
---------------------------------------------------------------------------------
INFO: [Synth 8-638] synthesizing module 'space_digilent_jstk2_0_0' [/home/matteo/Scrivania/UNI/Digital Electronics System Design/spaceship/spaceship.gen/sources_1/bd/space/ip/space_digilent_jstk2_0_0_1/synth/space_digilent_jstk2_0_0.vhd:75]
	Parameter DELAY_US bound to: 25 - type: integer 
	Parameter CLKFREQ bound to: 100000000 - type: integer 
	Parameter SPI_SCLKFREQ bound to: 5000 - type: integer 
INFO: [Synth 8-3491] module 'digilent_jstk2' declared at '/home/matteo/Scrivania/UNI/Digital Electronics System Design/spaceship/spaceship.srcs/sources_1/new/digilent_jstk2.vhd:7' bound to instance 'U0' of component 'digilent_jstk2' [/home/matteo/Scrivania/UNI/Digital Electronics System Design/spaceship/spaceship.gen/sources_1/bd/space/ip/space_digilent_jstk2_0_0_1/synth/space_digilent_jstk2_0_0.vhd:123]
INFO: [Synth 8-638] synthesizing module 'digilent_jstk2' [/home/matteo/Scrivania/UNI/Digital Electronics System Design/spaceship/spaceship.srcs/sources_1/new/digilent_jstk2.vhd:40]
	Parameter DELAY_US bound to: 25 - type: integer 
	Parameter CLKFREQ bound to: 100000000 - type: integer 
	Parameter SPI_SCLKFREQ bound to: 5000 - type: integer 
INFO: [Synth 8-256] done synthesizing module 'digilent_jstk2' (1#1) [/home/matteo/Scrivania/UNI/Digital Electronics System Design/spaceship/spaceship.srcs/sources_1/new/digilent_jstk2.vhd:40]
INFO: [Synth 8-256] done synthesizing module 'space_digilent_jstk2_0_0' (2#1) [/home/matteo/Scrivania/UNI/Digital Electronics System Design/spaceship/spaceship.gen/sources_1/bd/space/ip/space_digilent_jstk2_0_0_1/synth/space_digilent_jstk2_0_0.vhd:75]
---------------------------------------------------------------------------------
Finished RTL Elaboration : Time (s): cpu = 00:00:02 ; elapsed = 00:00:03 . Memory (MB): peak = 2315.422 ; gain = 0.000 ; free physical = 1570 ; free virtual = 10994
---------------------------------------------------------------------------------
---------------------------------------------------------------------------------
Start Handling Custom Attributes
---------------------------------------------------------------------------------
---------------------------------------------------------------------------------
Finished Handling Custom Attributes : Time (s): cpu = 00:00:02 ; elapsed = 00:00:03 . Memory (MB): peak = 2315.422 ; gain = 0.000 ; free physical = 2937 ; free virtual = 12361
---------------------------------------------------------------------------------
---------------------------------------------------------------------------------
Finished RTL Optimization Phase 1 : Time (s): cpu = 00:00:02 ; elapsed = 00:00:03 . Memory (MB): peak = 2315.422 ; gain = 0.000 ; free physical = 2937 ; free virtual = 12361
---------------------------------------------------------------------------------
Netlist sorting complete. Time (s): cpu = 00:00:00 ; elapsed = 00:00:00 . Memory (MB): peak = 2315.422 ; gain = 0.000 ; free physical = 2924 ; free virtual = 12348
INFO: [Project 1-570] Preparing netlist for logic optimization

Processing XDC Constraints
Initializing timing engine
Completed Processing XDC Constraints

Netlist sorting complete. Time (s): cpu = 00:00:00 ; elapsed = 00:00:00 . Memory (MB): peak = 2379.355 ; gain = 0.000 ; free physical = 2899 ; free virtual = 12335
INFO: [Project 1-111] Unisim Transformation Summary:
No Unisim elements were transformed.

Constraint Validation Runtime : Time (s): cpu = 00:00:00 ; elapsed = 00:00:00 . Memory (MB): peak = 2379.355 ; gain = 0.000 ; free physical = 2897 ; free virtual = 12334
---------------------------------------------------------------------------------
Finished Constraint Validation : Time (s): cpu = 00:00:05 ; elapsed = 00:00:06 . Memory (MB): peak = 2379.355 ; gain = 63.934 ; free physical = 2988 ; free virtual = 12424
---------------------------------------------------------------------------------
---------------------------------------------------------------------------------
Start Loading Part and Timing Information
---------------------------------------------------------------------------------
Loading part: xc7a35tcpg236-1
---------------------------------------------------------------------------------
Finished Loading Part and Timing Information : Time (s): cpu = 00:00:05 ; elapsed = 00:00:06 . Memory (MB): peak = 2379.355 ; gain = 63.934 ; free physical = 3002 ; free virtual = 12439
---------------------------------------------------------------------------------
---------------------------------------------------------------------------------
Start Applying 'set_property' XDC Constraints
---------------------------------------------------------------------------------
---------------------------------------------------------------------------------
Finished applying 'set_property' XDC Constraints : Time (s): cpu = 00:00:05 ; elapsed = 00:00:06 . Memory (MB): peak = 2379.355 ; gain = 63.934 ; free physical = 3002 ; free virtual = 12440
---------------------------------------------------------------------------------
INFO: [Synth 8-802] inferred FSM for state register 'state_cmd_reg' in module 'digilent_jstk2'
INFO: [Synth 8-802] inferred FSM for state register 'state_sts_reg' in module 'digilent_jstk2'
---------------------------------------------------------------------------------------------------
                   State |                     New Encoding |                Previous Encoding 
---------------------------------------------------------------------------------------------------
              wait_delay |                              000 |                              000
                send_cmd |                              001 |                              001
                send_red |                              010 |                              010
              send_green |                              011 |                              011
               send_blue |                              100 |                              100
              send_dummy |                              101 |                              101
---------------------------------------------------------------------------------------------------
INFO: [Synth 8-3354] encoded FSM with state register 'state_cmd_reg' using encoding 'sequential' in module 'digilent_jstk2'
---------------------------------------------------------------------------------------------------
                   State |                     New Encoding |                Previous Encoding 
---------------------------------------------------------------------------------------------------
               get_x_lsb |                              000 |                              000
               get_x_msb |                              001 |                              001
               get_y_lsb |                              010 |                              010
               get_y_msb |                              011 |                              011
             get_buttons |                              100 |                              100
                  iSTATE |                              101 |                              111
---------------------------------------------------------------------------------------------------
INFO: [Synth 8-3354] encoded FSM with state register 'state_sts_reg' using encoding 'sequential' in module 'digilent_jstk2'
---------------------------------------------------------------------------------
Finished RTL Optimization Phase 2 : Time (s): cpu = 00:00:05 ; elapsed = 00:00:06 . Memory (MB): peak = 2379.355 ; gain = 63.934 ; free physical = 2975 ; free virtual = 12415
---------------------------------------------------------------------------------
---------------------------------------------------------------------------------
Start RTL Component Statistics 
---------------------------------------------------------------------------------
Detailed RTL Component Info : 
+---Adders : 
	   2 Input   16 Bit       Adders := 1     
+---Registers : 
	               16 Bit    Registers := 1     
	               10 Bit    Registers := 2     
	                8 Bit    Registers := 1     
	                1 Bit    Registers := 3     
+---Muxes : 
	   2 Input   16 Bit        Muxes := 1     
	   6 Input   10 Bit        Muxes := 2     
	   6 Input    8 Bit        Muxes := 1     
	   6 Input    3 Bit        Muxes := 1     
	   5 Input    3 Bit        Muxes := 1     
	   2 Input    3 Bit        Muxes := 1     
	   6 Input    1 Bit        Muxes := 5     
---------------------------------------------------------------------------------
Finished RTL Component Statistics 
---------------------------------------------------------------------------------
---------------------------------------------------------------------------------
Start Part Resource Summary
---------------------------------------------------------------------------------
Part Resources:
DSPs: 90 (col length:60)
BRAMs: 100 (col length: RAMB18 60 RAMB36 30)
---------------------------------------------------------------------------------
Finished Part Resource Summary
---------------------------------------------------------------------------------
---------------------------------------------------------------------------------
Start Cross Boundary and Area Optimization
---------------------------------------------------------------------------------
---------------------------------------------------------------------------------
Finished Cross Boundary and Area Optimization : Time (s): cpu = 00:00:05 ; elapsed = 00:00:06 . Memory (MB): peak = 2379.355 ; gain = 63.934 ; free physical = 2947 ; free virtual = 12398
---------------------------------------------------------------------------------
---------------------------------------------------------------------------------
Start Applying XDC Timing Constraints
---------------------------------------------------------------------------------
---------------------------------------------------------------------------------
Finished Applying XDC Timing Constraints : Time (s): cpu = 00:00:08 ; elapsed = 00:00:09 . Memory (MB): peak = 2379.355 ; gain = 63.934 ; free physical = 2722 ; free virtual = 12181
---------------------------------------------------------------------------------
---------------------------------------------------------------------------------
Start Timing Optimization
---------------------------------------------------------------------------------
---------------------------------------------------------------------------------
Finished Timing Optimization : Time (s): cpu = 00:00:08 ; elapsed = 00:00:09 . Memory (MB): peak = 2379.355 ; gain = 63.934 ; free physical = 2720 ; free virtual = 12179
---------------------------------------------------------------------------------
---------------------------------------------------------------------------------
Start Technology Mapping
---------------------------------------------------------------------------------
---------------------------------------------------------------------------------
Finished Technology Mapping : Time (s): cpu = 00:00:08 ; elapsed = 00:00:09 . Memory (MB): peak = 2379.355 ; gain = 63.934 ; free physical = 2714 ; free virtual = 12173
---------------------------------------------------------------------------------
---------------------------------------------------------------------------------
Start IO Insertion
---------------------------------------------------------------------------------
---------------------------------------------------------------------------------
Start Flattening Before IO Insertion
---------------------------------------------------------------------------------
---------------------------------------------------------------------------------
Finished Flattening Before IO Insertion
---------------------------------------------------------------------------------
---------------------------------------------------------------------------------
Start Final Netlist Cleanup
---------------------------------------------------------------------------------
---------------------------------------------------------------------------------
Finished Final Netlist Cleanup
---------------------------------------------------------------------------------
---------------------------------------------------------------------------------
Finished IO Insertion : Time (s): cpu = 00:00:09 ; elapsed = 00:00:10 . Memory (MB): peak = 2379.355 ; gain = 63.934 ; free physical = 2715 ; free virtual = 12174
---------------------------------------------------------------------------------
---------------------------------------------------------------------------------
Start Renaming Generated Instances
---------------------------------------------------------------------------------
---------------------------------------------------------------------------------
Finished Renaming Generated Instances : Time (s): cpu = 00:00:09 ; elapsed = 00:00:10 . Memory (MB): peak = 2379.355 ; gain = 63.934 ; free physical = 2715 ; free virtual = 12174
---------------------------------------------------------------------------------
---------------------------------------------------------------------------------
Start Rebuilding User Hierarchy
---------------------------------------------------------------------------------
---------------------------------------------------------------------------------
Finished Rebuilding User Hierarchy : Time (s): cpu = 00:00:09 ; elapsed = 00:00:10 . Memory (MB): peak = 2379.355 ; gain = 63.934 ; free physical = 2715 ; free virtual = 12174
---------------------------------------------------------------------------------
---------------------------------------------------------------------------------
Start Renaming Generated Ports
---------------------------------------------------------------------------------
---------------------------------------------------------------------------------
Finished Renaming Generated Ports : Time (s): cpu = 00:00:09 ; elapsed = 00:00:10 . Memory (MB): peak = 2379.355 ; gain = 63.934 ; free physical = 2715 ; free virtual = 12174
---------------------------------------------------------------------------------
---------------------------------------------------------------------------------
Start Handling Custom Attributes
---------------------------------------------------------------------------------
---------------------------------------------------------------------------------
Finished Handling Custom Attributes : Time (s): cpu = 00:00:09 ; elapsed = 00:00:10 . Memory (MB): peak = 2379.355 ; gain = 63.934 ; free physical = 2715 ; free virtual = 12174
---------------------------------------------------------------------------------
---------------------------------------------------------------------------------
Start Renaming Generated Nets
---------------------------------------------------------------------------------
---------------------------------------------------------------------------------
Finished Renaming Generated Nets : Time (s): cpu = 00:00:09 ; elapsed = 00:00:10 . Memory (MB): peak = 2379.355 ; gain = 63.934 ; free physical = 2715 ; free virtual = 12174
---------------------------------------------------------------------------------
---------------------------------------------------------------------------------
Start Writing Synthesis Report
---------------------------------------------------------------------------------

Report BlackBoxes: 
+-+--------------+----------+
| |BlackBox name |Instances |
+-+--------------+----------+
+-+--------------+----------+

Report Cell Usage: 
+------+-------+------+
|      |Cell   |Count |
+------+-------+------+
|1     |CARRY4 |     4|
|2     |LUT1   |     1|
|3     |LUT2   |    16|
|4     |LUT3   |     3|
|5     |LUT4   |    11|
|6     |LUT5   |     7|
|7     |LUT6   |     8|
|8     |FDRE   |    53|
+------+-------+------+
---------------------------------------------------------------------------------
Finished Writing Synthesis Report : Time (s): cpu = 00:00:09 ; elapsed = 00:00:10 . Memory (MB): peak = 2379.355 ; gain = 63.934 ; free physical = 2715 ; free virtual = 12174
---------------------------------------------------------------------------------
Synthesis finished with 0 errors, 0 critical warnings and 0 warnings.
Synthesis Optimization Runtime : Time (s): cpu = 00:00:09 ; elapsed = 00:00:09 . Memory (MB): peak = 2379.355 ; gain = 0.000 ; free physical = 2768 ; free virtual = 12228
Synthesis Optimization Complete : Time (s): cpu = 00:00:09 ; elapsed = 00:00:10 . Memory (MB): peak = 2379.355 ; gain = 63.934 ; free physical = 2770 ; free virtual = 12230
INFO: [Project 1-571] Translating synthesized netlist
Netlist sorting complete. Time (s): cpu = 00:00:00 ; elapsed = 00:00:00 . Memory (MB): peak = 2379.355 ; gain = 0.000 ; free physical = 2894 ; free virtual = 12356
INFO: [Netlist 29-17] Analyzing 4 Unisim elements for replacement
INFO: [Netlist 29-28] Unisim Transformation completed in 0 CPU seconds
INFO: [Project 1-570] Preparing netlist for logic optimization
INFO: [Opt 31-138] Pushed 0 inverter(s) to 0 load pin(s).
Netlist sorting complete. Time (s): cpu = 00:00:00 ; elapsed = 00:00:00 . Memory (MB): peak = 2379.355 ; gain = 0.000 ; free physical = 2886 ; free virtual = 12348
INFO: [Project 1-111] Unisim Transformation Summary:
No Unisim elements were transformed.

INFO: [Common 17-83] Releasing license: Synthesis
26 Infos, 1 Warnings, 0 Critical Warnings and 0 Errors encountered.
synth_design completed successfully
synth_design: Time (s): cpu = 00:00:14 ; elapsed = 00:00:13 . Memory (MB): peak = 2379.355 ; gain = 64.031 ; free physical = 3021 ; free virtual = 12484
INFO: [Common 17-1381] The checkpoint '/home/matteo/Scrivania/UNI/Digital Electronics System Design/spaceship/spaceship.runs/space_digilent_jstk2_0_0_synth_1/space_digilent_jstk2_0_0.dcp' has been generated.
WARNING: [Common 17-576] 'use_project_ipc' is deprecated. This option is deprecated and no longer used.
INFO: [Common 17-1381] The checkpoint '/home/matteo/Scrivania/UNI/Digital Electronics System Design/spaceship/spaceship.runs/space_digilent_jstk2_0_0_synth_1/space_digilent_jstk2_0_0.dcp' has been generated.
INFO: [runtcl-4] Executing : report_utilization -file space_digilent_jstk2_0_0_utilization_synth.rpt -pb space_digilent_jstk2_0_0_utilization_synth.pb
INFO: [Common 17-206] Exiting Vivado at Wed Apr 19 09:24:32 2023...
