
*** Running vivado
    with args -log design_1_led_controller_1_0.vds -m64 -product Vivado -mode batch -messageDb vivado.pb -notrace -source design_1_led_controller_1_0.tcl


****** Vivado v2020.2 (64-bit)
  **** SW Build 3064766 on Wed Nov 18 09:12:47 MST 2020
  **** IP Build 3064653 on Wed Nov 18 14:17:31 MST 2020
    ** Copyright 1986-2020 Xilinx, Inc. All Rights Reserved.

source design_1_led_controller_1_0.tcl -notrace
INFO: [IP_Flow 19-234] Refreshing IP repositories
INFO: [IP_Flow 19-1700] Loaded user IP repository '/home/fede/Desktop/Polimi/DesdProject/Lab3/lab3/lab3.ipdefs/Vivado Ip core'.
INFO: [IP_Flow 19-2313] Loaded Vivado IP repository '/tools/Xilinx/Vivado/2020.2/data/ip'.
Command: synth_design -top design_1_led_controller_1_0 -part xc7a35tcpg236-1 -mode out_of_context
Starting synth_design
WARNING: [IP_Flow 19-3571] IP 'design_1_led_controller_1_0' is restricted:
* Module reference is stale and needs refreshing.
Attempting to get a license for feature 'Synthesis' and/or device 'xc7a35t'
INFO: [Common 17-349] Got license for feature 'Synthesis' and/or device 'xc7a35t'
INFO: [Device 21-403] Loading part xc7a35tcpg236-1
INFO: [Synth 8-7079] Multithreading enabled for synth_design using a maximum of 4 processes.
INFO: [Synth 8-7078] Launching helper process for spawning children vivado processes
INFO: [Synth 8-7075] Helper process launched with PID 544902
---------------------------------------------------------------------------------
Starting RTL Elaboration : Time (s): cpu = 00:00:02 ; elapsed = 00:00:03 . Memory (MB): peak = 2290.594 ; gain = 0.000 ; free physical = 560 ; free virtual = 22578
---------------------------------------------------------------------------------
INFO: [Synth 8-638] synthesizing module 'design_1_led_controller_1_0' [/home/fede/Desktop/Polimi/DesdProject/Lab3/lab3/lab3.gen/sources_1/bd/design_1/ip/design_1_led_controller_1_0/synth/design_1_led_controller_1_0.vhd:66]
	Parameter LED_CHANNEL_BITS bound to: 8 - type: integer 
INFO: [Synth 8-3491] module 'led_controller' declared at '/home/fede/Desktop/Polimi/DesdProject/Lab3/lab3/lab3.srcs/sources_1/new/led-controller.vhd:4' bound to instance 'U0' of component 'led_controller' [/home/fede/Desktop/Polimi/DesdProject/Lab3/lab3/lab3.gen/sources_1/bd/design_1/ip/design_1_led_controller_1_0/synth/design_1_led_controller_1_0.vhd:90]
INFO: [Synth 8-638] synthesizing module 'led_controller' [/home/fede/Desktop/Polimi/DesdProject/Lab3/lab3/lab3.srcs/sources_1/new/led-controller.vhd:21]
	Parameter LED_CHANNEL_BITS bound to: 8 - type: integer 
INFO: [Synth 8-256] done synthesizing module 'led_controller' (1#1) [/home/fede/Desktop/Polimi/DesdProject/Lab3/lab3/lab3.srcs/sources_1/new/led-controller.vhd:21]
INFO: [Synth 8-256] done synthesizing module 'design_1_led_controller_1_0' (2#1) [/home/fede/Desktop/Polimi/DesdProject/Lab3/lab3/lab3.gen/sources_1/bd/design_1/ip/design_1_led_controller_1_0/synth/design_1_led_controller_1_0.vhd:66]
---------------------------------------------------------------------------------
Finished RTL Elaboration : Time (s): cpu = 00:00:03 ; elapsed = 00:00:04 . Memory (MB): peak = 2290.594 ; gain = 0.000 ; free physical = 436 ; free virtual = 21119
---------------------------------------------------------------------------------
---------------------------------------------------------------------------------
Start Handling Custom Attributes
---------------------------------------------------------------------------------
---------------------------------------------------------------------------------
Finished Handling Custom Attributes : Time (s): cpu = 00:00:03 ; elapsed = 00:00:04 . Memory (MB): peak = 2290.594 ; gain = 0.000 ; free physical = 959 ; free virtual = 21640
---------------------------------------------------------------------------------
---------------------------------------------------------------------------------
Finished RTL Optimization Phase 1 : Time (s): cpu = 00:00:03 ; elapsed = 00:00:04 . Memory (MB): peak = 2290.594 ; gain = 0.000 ; free physical = 959 ; free virtual = 21639
---------------------------------------------------------------------------------
Netlist sorting complete. Time (s): cpu = 00:00:00 ; elapsed = 00:00:00 . Memory (MB): peak = 2290.594 ; gain = 0.000 ; free physical = 946 ; free virtual = 21627
INFO: [Project 1-570] Preparing netlist for logic optimization

Processing XDC Constraints
Initializing timing engine
Completed Processing XDC Constraints

Netlist sorting complete. Time (s): cpu = 00:00:00 ; elapsed = 00:00:00 . Memory (MB): peak = 2352.648 ; gain = 0.000 ; free physical = 2975 ; free virtual = 23658
INFO: [Project 1-111] Unisim Transformation Summary:
No Unisim elements were transformed.

Constraint Validation Runtime : Time (s): cpu = 00:00:00.01 ; elapsed = 00:00:00.01 . Memory (MB): peak = 2352.648 ; gain = 0.000 ; free physical = 2974 ; free virtual = 23657
---------------------------------------------------------------------------------
Finished Constraint Validation : Time (s): cpu = 00:00:06 ; elapsed = 00:00:07 . Memory (MB): peak = 2352.648 ; gain = 62.055 ; free physical = 2961 ; free virtual = 23645
---------------------------------------------------------------------------------
---------------------------------------------------------------------------------
Start Loading Part and Timing Information
---------------------------------------------------------------------------------
Loading part: xc7a35tcpg236-1
---------------------------------------------------------------------------------
Finished Loading Part and Timing Information : Time (s): cpu = 00:00:06 ; elapsed = 00:00:07 . Memory (MB): peak = 2352.648 ; gain = 62.055 ; free physical = 2961 ; free virtual = 23646
---------------------------------------------------------------------------------
---------------------------------------------------------------------------------
Start Applying 'set_property' XDC Constraints
---------------------------------------------------------------------------------
---------------------------------------------------------------------------------
Finished applying 'set_property' XDC Constraints : Time (s): cpu = 00:00:06 ; elapsed = 00:00:07 . Memory (MB): peak = 2352.648 ; gain = 62.055 ; free physical = 2960 ; free virtual = 23645
---------------------------------------------------------------------------------
---------------------------------------------------------------------------------
Finished RTL Optimization Phase 2 : Time (s): cpu = 00:00:07 ; elapsed = 00:00:08 . Memory (MB): peak = 2352.648 ; gain = 62.055 ; free physical = 3010 ; free virtual = 23699
---------------------------------------------------------------------------------
---------------------------------------------------------------------------------
Start RTL Component Statistics 
---------------------------------------------------------------------------------
Detailed RTL Component Info : 
---------------------------------------------------------------------------------
Finished RTL Component Statistics 
---------------------------------------------------------------------------------
---------------------------------------------------------------------------------
Start Part Resource Summary
---------------------------------------------------------------------------------
Part Resources:
DSPs: 90 (col length:60)
BRAMs: 100 (col length: RAMB18 60 RAMB36 30)
---------------------------------------------------------------------------------
Finished Part Resource Summary
---------------------------------------------------------------------------------
---------------------------------------------------------------------------------
Start Cross Boundary and Area Optimization
---------------------------------------------------------------------------------
---------------------------------------------------------------------------------
Finished Cross Boundary and Area Optimization : Time (s): cpu = 00:00:07 ; elapsed = 00:00:08 . Memory (MB): peak = 2352.648 ; gain = 62.055 ; free physical = 2990 ; free virtual = 23682
---------------------------------------------------------------------------------
---------------------------------------------------------------------------------
Start Applying XDC Timing Constraints
---------------------------------------------------------------------------------
---------------------------------------------------------------------------------
Finished Applying XDC Timing Constraints : Time (s): cpu = 00:00:10 ; elapsed = 00:00:11 . Memory (MB): peak = 2352.648 ; gain = 62.055 ; free physical = 2767 ; free virtual = 23474
---------------------------------------------------------------------------------
---------------------------------------------------------------------------------
Start Timing Optimization
---------------------------------------------------------------------------------
---------------------------------------------------------------------------------
Finished Timing Optimization : Time (s): cpu = 00:00:10 ; elapsed = 00:00:11 . Memory (MB): peak = 2352.648 ; gain = 62.055 ; free physical = 2766 ; free virtual = 23473
---------------------------------------------------------------------------------
---------------------------------------------------------------------------------
Start Technology Mapping
---------------------------------------------------------------------------------
---------------------------------------------------------------------------------
Finished Technology Mapping : Time (s): cpu = 00:00:10 ; elapsed = 00:00:11 . Memory (MB): peak = 2352.648 ; gain = 62.055 ; free physical = 2749 ; free virtual = 23457
---------------------------------------------------------------------------------
---------------------------------------------------------------------------------
Start IO Insertion
---------------------------------------------------------------------------------
---------------------------------------------------------------------------------
Start Flattening Before IO Insertion
---------------------------------------------------------------------------------
---------------------------------------------------------------------------------
Finished Flattening Before IO Insertion
---------------------------------------------------------------------------------
---------------------------------------------------------------------------------
Start Final Netlist Cleanup
---------------------------------------------------------------------------------
---------------------------------------------------------------------------------
Finished Final Netlist Cleanup
---------------------------------------------------------------------------------
---------------------------------------------------------------------------------
Finished IO Insertion : Time (s): cpu = 00:00:12 ; elapsed = 00:00:13 . Memory (MB): peak = 2352.648 ; gain = 62.055 ; free physical = 2503 ; free virtual = 23211
---------------------------------------------------------------------------------
---------------------------------------------------------------------------------
Start Renaming Generated Instances
---------------------------------------------------------------------------------
---------------------------------------------------------------------------------
Finished Renaming Generated Instances : Time (s): cpu = 00:00:12 ; elapsed = 00:00:13 . Memory (MB): peak = 2352.648 ; gain = 62.055 ; free physical = 2503 ; free virtual = 23211
---------------------------------------------------------------------------------
---------------------------------------------------------------------------------
Start Rebuilding User Hierarchy
---------------------------------------------------------------------------------
---------------------------------------------------------------------------------
Finished Rebuilding User Hierarchy : Time (s): cpu = 00:00:12 ; elapsed = 00:00:13 . Memory (MB): peak = 2352.648 ; gain = 62.055 ; free physical = 2503 ; free virtual = 23211
---------------------------------------------------------------------------------
---------------------------------------------------------------------------------
Start Renaming Generated Ports
---------------------------------------------------------------------------------
---------------------------------------------------------------------------------
Finished Renaming Generated Ports : Time (s): cpu = 00:00:12 ; elapsed = 00:00:13 . Memory (MB): peak = 2352.648 ; gain = 62.055 ; free physical = 2503 ; free virtual = 23211
---------------------------------------------------------------------------------
---------------------------------------------------------------------------------
Start Handling Custom Attributes
---------------------------------------------------------------------------------
---------------------------------------------------------------------------------
Finished Handling Custom Attributes : Time (s): cpu = 00:00:12 ; elapsed = 00:00:13 . Memory (MB): peak = 2352.648 ; gain = 62.055 ; free physical = 2503 ; free virtual = 23211
---------------------------------------------------------------------------------
---------------------------------------------------------------------------------
Start Renaming Generated Nets
---------------------------------------------------------------------------------
---------------------------------------------------------------------------------
Finished Renaming Generated Nets : Time (s): cpu = 00:00:12 ; elapsed = 00:00:13 . Memory (MB): peak = 2352.648 ; gain = 62.055 ; free physical = 2503 ; free virtual = 23211
---------------------------------------------------------------------------------
---------------------------------------------------------------------------------
Start Writing Synthesis Report
---------------------------------------------------------------------------------

Report BlackBoxes: 
+-+--------------+----------+
| |BlackBox name |Instances |
+-+--------------+----------+
+-+--------------+----------+

Report Cell Usage: 
+------+-----+------+
|      |Cell |Count |
+------+-----+------+
|1     |LUT2 |     1|
+------+-----+------+
---------------------------------------------------------------------------------
Finished Writing Synthesis Report : Time (s): cpu = 00:00:12 ; elapsed = 00:00:13 . Memory (MB): peak = 2352.648 ; gain = 62.055 ; free physical = 2503 ; free virtual = 23211
---------------------------------------------------------------------------------
Synthesis finished with 0 errors, 0 critical warnings and 0 warnings.
Synthesis Optimization Runtime : Time (s): cpu = 00:00:11 ; elapsed = 00:00:12 . Memory (MB): peak = 2352.648 ; gain = 0.000 ; free physical = 2559 ; free virtual = 23267
Synthesis Optimization Complete : Time (s): cpu = 00:00:12 ; elapsed = 00:00:13 . Memory (MB): peak = 2352.648 ; gain = 62.055 ; free physical = 2559 ; free virtual = 23267
INFO: [Project 1-571] Translating synthesized netlist
Netlist sorting complete. Time (s): cpu = 00:00:00 ; elapsed = 00:00:00 . Memory (MB): peak = 2352.648 ; gain = 0.000 ; free physical = 2632 ; free virtual = 23340
INFO: [Project 1-570] Preparing netlist for logic optimization
INFO: [Opt 31-138] Pushed 0 inverter(s) to 0 load pin(s).
Netlist sorting complete. Time (s): cpu = 00:00:00 ; elapsed = 00:00:00 . Memory (MB): peak = 2352.648 ; gain = 0.000 ; free physical = 2596 ; free virtual = 23304
INFO: [Project 1-111] Unisim Transformation Summary:
No Unisim elements were transformed.

INFO: [Common 17-83] Releasing license: Synthesis
20 Infos, 1 Warnings, 0 Critical Warnings and 0 Errors encountered.
synth_design completed successfully
synth_design: Time (s): cpu = 00:00:18 ; elapsed = 00:00:16 . Memory (MB): peak = 2352.648 ; gain = 62.055 ; free physical = 2721 ; free virtual = 23428
INFO: [Common 17-1381] The checkpoint '/home/fede/Desktop/Polimi/DesdProject/Lab3/lab3/lab3.runs/design_1_led_controller_1_0_synth_1/design_1_led_controller_1_0.dcp' has been generated.
WARNING: [Common 17-576] 'use_project_ipc' is deprecated. This option is deprecated and no longer used.
INFO: [Common 17-1381] The checkpoint '/home/fede/Desktop/Polimi/DesdProject/Lab3/lab3/lab3.runs/design_1_led_controller_1_0_synth_1/design_1_led_controller_1_0.dcp' has been generated.
INFO: [runtcl-4] Executing : report_utilization -file design_1_led_controller_1_0_utilization_synth.rpt -pb design_1_led_controller_1_0_utilization_synth.pb
INFO: [Common 17-206] Exiting Vivado at Wed May 24 11:50:08 2023...
